<?xml version="1.0" encoding="UTF-8"?>
<testng-results ignored="0" total="2" passed="2" failed="0" skipped="0">
  <reporter-output>
  </reporter-output>
  <suite started-at="2026-07-15T20:16:59 IST" name="Default suite" finished-at="2026-07-15T20:17:02 IST" duration-ms="2731">
    <groups>
    </groups>
    <test started-at="2026-07-15T20:16:59 IST" name="Default test" finished-at="2026-07-15T20:17:02 IST" duration-ms="2731">
      <class name="restAndSoap.StaticImport">
        <test-method signature="test_01()[pri:0, instance:restAndSoap.StaticImport@38c5cc4c]" started-at="2026-07-15T20:16:59 IST" name="test_01" finished-at="2026-07-15T20:17:01 IST" duration-ms="1848" status="PASS">
          <reporter-output>
          </reporter-output>
        </test-method> <!-- test_01 -->
        <test-method signature="test_02()[pri:0, instance:restAndSoap.StaticImport@38c5cc4c]" started-at="2026-07-15T20:17:01 IST" name="test_02" finished-at="2026-07-15T20:17:02 IST" duration-ms="852" status="PASS">
          <reporter-output>
          </reporter-output>
        </test-method> <!-- test_02 -->
      </class> <!-- restAndSoap.StaticImport -->
    </test> <!-- Default test -->
  </suite> <!-- Default suite -->
</testng-results>
