<?xml version="1.0" encoding="UTF-8"?>
<!-- Generated by org.testng.reporters.JUnitReportReporter -->
<testsuite hostname="IBM-PF3G74VN" failures="0" tests="2" name="restAndSoap.StaticImport" time="2.700" errors="0" timestamp="2026-07-15T20:17:02 IST" skipped="0">
  <testcase classname="restAndSoap.StaticImport" name="test_01" time="1.848"/>
  <system-out/>
  <testcase classname="restAndSoap.StaticImport" name="test_02" time="0.852"/>
  <system-out/>
</testsuite> <!-- restAndSoap.StaticImport -->
