<?xml version="1.0" encoding="UTF-8"?>
<!-- Generated by org.testng.reporters.JUnitReportReporter -->
<testsuite hostname="IBM-PF3G74VN" failures="0" tests="2" name="restAndSoap.FirstRestTest" time="2.320" errors="0" timestamp="2026-07-15T20:03:32 IST" skipped="0">
  <testcase classname="restAndSoap.FirstRestTest" name="getUserList" time="1.963"/>
  <system-out/>
  <testcase classname="restAndSoap.FirstRestTest" name="testGet_1" time="0.357"/>
  <system-out/>
</testsuite> <!-- restAndSoap.FirstRestTest -->
